<?xml version="1.0" encoding="UTF-8"?>
<!-- Generated by org.testng.reporters.JUnitReportReporter -->
<testsuite hostname="Indee" failures="0" tests="1" name="Base.BaseJava" time="0.209" errors="1" timestamp="2025-09-17T20:47:42 CDT" skipped="0">
  <testcase classname="Base.BaseJava" name="tearDownReporter" time="0.209">
    <error message="org/bson/types/ObjectId" type="java.lang.NoClassDefFoundError">
      <![CDATA[java.lang.NoClassDefFoundError: org/bson/types/ObjectId
at java.base/java.lang.Class.getDeclaredMethods0(Native Method)
at java.base/java.lang.Class.privateGetDeclaredMethods(Class.java:3650)
at java.base/java.lang.Class.privateGetPublicMethods(Class.java:3675)
at java.base/java.lang.Class.getMethods(Class.java:2244)
at freemarker.ext.beans.ClassIntrospector.discoverAccessibleMethods(ClassIntrospector.java:775)
at freemarker.ext.beans.ClassIntrospector.discoverAccessibleMethods(ClassIntrospector.java:767)
at freemarker.ext.beans.ClassIntrospector.createClassIntrospectionData(ClassIntrospector.java:286)
at freemarker.ext.beans.ClassIntrospector.get(ClassIntrospector.java:260)
at freemarker.ext.beans.BeanModel.<init>(BeanModel.java:111)
at freemarker.ext.beans.BeanModel.<init>(BeanModel.java:102)
at freemarker.ext.beans.StringModel.<init>(StringModel.java:56)
at freemarker.ext.beans.StringModel$1.create(StringModel.java:39)
at freemarker.ext.beans.BeansModelCache.create(BeansModelCache.java:72)
at freemarker.ext.util.ModelCache.getInstance(ModelCache.java:80)
at freemarker.ext.beans.BeansWrapper.wrap(BeansWrapper.java:939)
at freemarker.template.DefaultObjectWrapper.handleUnknownType(DefaultObjectWrapper.java:287)
at freemarker.template.DefaultObjectWrapper.wrap(DefaultObjectWrapper.java:255)
at freemarker.template.WrappingTemplateModel.wrap(WrappingTemplateModel.java:112)
at freemarker.template.DefaultListAdapter.get(DefaultListAdapter.java:77)
at freemarker.core.DynamicKeyName.dealWithNumericalKey(DynamicKeyName.java:116)
at freemarker.core.DynamicKeyName._eval(DynamicKeyName.java:82)
at freemarker.core.Expression.eval(Expression.java:101)
at freemarker.core.Dot._eval(Dot.java:41)
at freemarker.core.Expression.eval(Expression.java:101)
at freemarker.core.MethodCall._eval(MethodCall.java:55)
at freemarker.core.Expression.eval(Expression.java:101)
at freemarker.core.Expression.evalToBoolean(Expression.java:177)
at freemarker.core.Expression.evalToBoolean(Expression.java:163)
at freemarker.core.AndExpression.evalToBoolean(AndExpression.java:36)
at freemarker.core.ConditionalBlock.accept(ConditionalBlock.java:48)
at freemarker.core.Environment.visit(Environment.java:335)
at freemarker.core.Environment.visit(Environment.java:341)
at freemarker.core.Environment.process(Environment.java:314)
at freemarker.template.Template.process(Template.java:383)
at com.aventstack.extentreports.templating.FreemarkerTemplate.processTemplate(FreemarkerTemplate.java:53)
at com.aventstack.extentreports.templating.FreemarkerTemplate.getSource(FreemarkerTemplate.java:40)
at com.aventstack.extentreports.templating.FreemarkerTemplate.writeTemplate(FreemarkerTemplate.java:46)
at com.aventstack.extentreports.reporter.BasicFileReporter.processTemplate(BasicFileReporter.java:152)
at com.aventstack.extentreports.reporter.ExtentSparkReporter.flush(ExtentSparkReporter.java:78)
at com.aventstack.extentreports.ReportObservable.lambda$23(ReportObservable.java:526)
at java.base/java.util.ArrayList.forEach(ArrayList.java:1597)
at com.aventstack.extentreports.ReportObservable.notifyReporters(ReportObservable.java:526)
at com.aventstack.extentreports.ReportObservable.flush(ReportObservable.java:424)
at com.aventstack.extentreports.ExtentReports.flush(ExtentReports.java:290)
at Base.BaseJava.tearDownReporter(BaseJava.java:28)
at java.base/jdk.internal.reflect.DirectMethodHandleAccessor.invoke(DirectMethodHandleAccessor.java:103)
at java.base/java.lang.reflect.Method.invoke(Method.java:580)
at org.testng.internal.invokers.MethodInvocationHelper.invokeMethod(MethodInvocationHelper.java:141)
at org.testng.internal.invokers.MethodInvocationHelper.invokeMethodConsideringTimeout(MethodInvocationHelper.java:71)
at org.testng.internal.invokers.ConfigInvoker.invokeConfigurationMethod(ConfigInvoker.java:400)
at org.testng.internal.invokers.ConfigInvoker.invokeConfigurations(ConfigInvoker.java:333)
at org.testng.SuiteRunner.privateRun(SuiteRunner.java:386)
at org.testng.SuiteRunner.run(SuiteRunner.java:312)
at org.testng.SuiteRunnerWorker.runSuite(SuiteRunnerWorker.java:52)
at org.testng.SuiteRunnerWorker.run(SuiteRunnerWorker.java:95)
at org.testng.TestNG.runSuitesSequentially(TestNG.java:1274)
at org.testng.TestNG.runSuitesLocally(TestNG.java:1208)
at org.testng.TestNG.runSuites(TestNG.java:1112)
at org.testng.TestNG.run(TestNG.java:1079)
at org.testng.remote.AbstractRemoteTestNG.run(AbstractRemoteTestNG.java:115)
at org.testng.remote.RemoteTestNG.initAndRun(RemoteTestNG.java:293)
at org.testng.remote.RemoteTestNG.main(RemoteTestNG.java:91)
Caused by: java.lang.ClassNotFoundException: org.bson.types.ObjectId
at java.base/jdk.internal.loader.BuiltinClassLoader.loadClass(BuiltinClassLoader.java:641)
at java.base/jdk.internal.loader.ClassLoaders$AppClassLoader.loadClass(ClassLoaders.java:188)
at java.base/java.lang.ClassLoader.loadClass(ClassLoader.java:528)
... 62 more
]]>
    </error>
  </testcase> <!-- tearDownReporter -->
</testsuite> <!-- Base.BaseJava -->
